<?xml version="1.0" encoding="UTF-8"?>
<!-- Generated by org.testng.reporters.JUnitReportReporter -->
<testsuite skipped="0" hostname="hp-PC" name="Tests.TC001_GetSeatcount" tests="1" failures="0" timestamp="2020-01-11T16:56:48 IST" time="39.001" errors="0">
  <testcase name="test" time="39.001" classname="Tests.TC001_GetSeatcount"/>
</testsuite> <!-- Tests.TC001_GetSeatcount -->
